<?xml version="1.0" encoding="UTF-8"?>
<coverage generated="1764466522046" clover="3.2.0">
  <project timestamp="1764466522047" name="All files">
    <metrics statements="80" coveredstatements="78" conditionals="61" coveredconditionals="39" methods="16" coveredmethods="15" elements="157" coveredelements="132" complexity="0" loc="80" ncloc="80" packages="1" files="1" classes="1"/>
    <file name="core.js" path="C:\Users\Freya Gargoulas\Documents\UNIR\TFG\hiv-integrated-report\src\core\core.js">
      <metrics statements="80" coveredstatements="78" conditionals="61" coveredconditionals="39" methods="16" coveredmethods="15"/>
      <line num="2" count="1" type="stmt"/>
      <line num="11" count="2" type="cond" truecount="2" falsecount="0"/>
      <line num="12" count="1" type="stmt"/>
      <line num="15" count="1" type="stmt"/>
      <line num="17" count="1" type="stmt"/>
      <line num="18" count="3" type="cond" truecount="3" falsecount="1"/>
      <line num="20" count="3" type="cond" truecount="1" falsecount="1"/>
      <line num="22" count="3" type="cond" truecount="1" falsecount="1"/>
      <line num="23" count="3" type="cond" truecount="1" falsecount="1"/>
      <line num="24" count="3" type="cond" truecount="1" falsecount="1"/>
      <line num="26" count="3" type="stmt"/>
      <line num="27" count="3" type="stmt"/>
      <line num="28" count="3" type="stmt"/>
      <line num="32" count="1" type="stmt"/>
      <line num="33" count="4" type="stmt"/>
      <line num="34" count="4" type="cond" truecount="1" falsecount="1"/>
      <line num="38" count="1" type="stmt"/>
      <line num="39" count="3" type="stmt"/>
      <line num="41" count="1" type="stmt"/>
      <line num="48" count="1" type="stmt"/>
      <line num="60" count="2" type="stmt"/>
      <line num="65" count="2" type="stmt"/>
      <line num="67" count="1" type="stmt"/>
      <line num="70" count="1" type="stmt"/>
      <line num="73" count="0" type="stmt"/>
      <line num="78" count="2" type="stmt"/>
      <line num="84" count="2" type="stmt"/>
      <line num="85" count="2" type="stmt"/>
      <line num="91" count="1" type="cond" truecount="1" falsecount="1"/>
      <line num="93" count="1" type="stmt"/>
      <line num="94" count="1" type="stmt"/>
      <line num="97" count="1" type="stmt"/>
      <line num="98" count="1" type="stmt"/>
      <line num="112" count="2" type="cond" truecount="5" falsecount="0"/>
      <line num="113" count="1" type="stmt"/>
      <line num="114" count="1" type="stmt"/>
      <line num="119" count="1" type="stmt"/>
      <line num="128" count="1" type="stmt"/>
      <line num="132" count="1" type="stmt"/>
      <line num="135" count="1" type="stmt"/>
      <line num="136" count="1" type="cond" truecount="1" falsecount="1"/>
      <line num="139" count="1" type="stmt"/>
      <line num="140" count="1" type="stmt"/>
      <line num="141" count="1" type="cond" truecount="1" falsecount="1"/>
      <line num="143" count="1" type="cond" truecount="3" falsecount="1"/>
      <line num="145" count="1" type="stmt"/>
      <line num="146" count="2" type="stmt"/>
      <line num="147" count="2" type="cond" truecount="1" falsecount="1"/>
      <line num="148" count="2" type="cond" truecount="1" falsecount="1"/>
      <line num="149" count="2" type="stmt"/>
      <line num="151" count="2" type="stmt"/>
      <line num="158" count="1" type="stmt"/>
      <line num="159" count="2" type="cond" truecount="1" falsecount="1"/>
      <line num="161" count="2" type="stmt"/>
      <line num="164" count="2" type="cond" truecount="1" falsecount="1"/>
      <line num="165" count="0" type="stmt"/>
      <line num="169" count="2" type="stmt"/>
      <line num="170" count="2" type="cond" truecount="2" falsecount="0"/>
      <line num="171" count="1" type="stmt"/>
      <line num="174" count="1" type="stmt"/>
      <line num="179" count="1" type="stmt"/>
      <line num="181" count="1" type="cond" truecount="1" falsecount="1"/>
      <line num="182" count="1" type="stmt"/>
      <line num="183" count="1" type="cond" truecount="1" falsecount="1"/>
      <line num="184" count="1" type="stmt"/>
      <line num="186" count="2" type="cond" truecount="1" falsecount="1"/>
      <line num="187" count="2" type="cond" truecount="1" falsecount="1"/>
      <line num="190" count="2" type="stmt"/>
      <line num="191" count="2" type="stmt"/>
      <line num="194" count="2" type="stmt"/>
      <line num="195" count="2" type="stmt"/>
      <line num="197" count="2" type="stmt"/>
      <line num="200" count="2" type="cond" truecount="2" falsecount="0"/>
      <line num="201" count="1" type="stmt"/>
      <line num="203" count="1" type="stmt"/>
      <line num="205" count="1" type="stmt"/>
      <line num="206" count="1" type="stmt"/>
      <line num="213" count="1" type="stmt"/>
      <line num="219" count="1" type="cond" truecount="3" falsecount="1"/>
      <line num="220" count="1" type="stmt"/>
    </file>
  </project>
</coverage>
