{"C:\\Users\\Freya Gargoulas\\Documents\\UNIR\\TFG\\hiv-integrated-report\\src\\core\\core.js": {"path":"C:\\Users\\Freya Gargoulas\\Documents\\UNIR\\TFG\\hiv-integrated-report\\src\\core\\core.js","statementMap":{"0":{"start":{"line":2,"column":26},"end":{"line":217,"column":1}},"1":{"start":{"line":11,"column":4},"end":{"line":13,"column":5}},"2":{"start":{"line":12,"column":8},"end":{"line":12,"column":42}},"3":{"start":{"line":15,"column":16},"end":{"line":15,"column":63}},"4":{"start":{"line":17,"column":4},"end":{"line":29,"column":5}},"5":{"start":{"line":18,"column":8},"end":{"line":18,"column":58}},"6":{"start":{"line":18,"column":49},"end":{"line":18,"column":58}},"7":{"start":{"line":20,"column":26},"end":{"line":20,"column":47}},"8":{"start":{"line":22,"column":22},"end":{"line":22,"column":69}},"9":{"start":{"line":23,"column":22},"end":{"line":23,"column":69}},"10":{"start":{"line":24,"column":22},"end":{"line":24,"column":69}},"11":{"start":{"line":26,"column":8},"end":{"line":26,"column":58}},"12":{"start":{"line":26,"column":43},"end":{"line":26,"column":56}},"13":{"start":{"line":27,"column":8},"end":{"line":27,"column":58}},"14":{"start":{"line":27,"column":43},"end":{"line":27,"column":56}},"15":{"start":{"line":28,"column":8},"end":{"line":28,"column":58}},"16":{"start":{"line":28,"column":43},"end":{"line":28,"column":56}},"17":{"start":{"line":32,"column":24},"end":{"line":35,"column":5}},"18":{"start":{"line":33,"column":22},"end":{"line":33,"column":36}},"19":{"start":{"line":34,"column":8},"end":{"line":34,"column":72}},"20":{"start":{"line":38,"column":24},"end":{"line":39,"column":71}},"21":{"start":{"line":39,"column":8},"end":{"line":39,"column":71}},"22":{"start":{"line":39,"column":39},"end":{"line":39,"column":70}},"23":{"start":{"line":41,"column":26},"end":{"line":45,"column":5}},"24":{"start":{"line":48,"column":4},"end":{"line":48,"column":78}},"25":{"start":{"line":60,"column":25},"end":{"line":60,"column":61}},"26":{"start":{"line":65,"column":29},"end":{"line":75,"column":9}},"27":{"start":{"line":67,"column":48},"end":{"line":67,"column":57}},"28":{"start":{"line":70,"column":48},"end":{"line":70,"column":57}},"29":{"start":{"line":73,"column":48},"end":{"line":73,"column":57}},"30":{"start":{"line":78,"column":33},"end":{"line":82,"column":5}},"31":{"start":{"line":84,"column":4},"end":{"line":99,"column":5}},"32":{"start":{"line":85,"column":23},"end":{"line":89,"column":8}},"33":{"start":{"line":91,"column":6},"end":{"line":91,"column":67}},"34":{"start":{"line":91,"column":24},"end":{"line":91,"column":67}},"35":{"start":{"line":93,"column":19},"end":{"line":93,"column":40}},"36":{"start":{"line":94,"column":6},"end":{"line":94,"column":18}},"37":{"start":{"line":97,"column":6},"end":{"line":97,"column":55}},"38":{"start":{"line":98,"column":6},"end":{"line":98,"column":51}},"39":{"start":{"line":112,"column":4},"end":{"line":115,"column":5}},"40":{"start":{"line":113,"column":8},"end":{"line":113,"column":75}},"41":{"start":{"line":114,"column":8},"end":{"line":114,"column":32}},"42":{"start":{"line":119,"column":30},"end":{"line":126,"column":5}},"43":{"start":{"line":128,"column":30},"end":{"line":128,"column":64}},"44":{"start":{"line":132,"column":30},"end":{"line":132,"column":39}},"45":{"start":{"line":135,"column":29},"end":{"line":137,"column":5}},"46":{"start":{"line":136,"column":8},"end":{"line":136,"column":44}},"47":{"start":{"line":139,"column":4},"end":{"line":155,"column":7}},"48":{"start":{"line":140,"column":27},"end":{"line":140,"column":47}},"49":{"start":{"line":141,"column":26},"end":{"line":141,"column":57}},"50":{"start":{"line":143,"column":8},"end":{"line":154,"column":9}},"51":{"start":{"line":145,"column":12},"end":{"line":153,"column":15}},"52":{"start":{"line":146,"column":36},"end":{"line":146,"column":61}},"53":{"start":{"line":147,"column":16},"end":{"line":152,"column":17}},"54":{"start":{"line":148,"column":20},"end":{"line":150,"column":21}},"55":{"start":{"line":149,"column":24},"end":{"line":149,"column":70}},"56":{"start":{"line":151,"column":20},"end":{"line":151,"column":70}},"57":{"start":{"line":158,"column":30},"end":{"line":175,"column":5}},"58":{"start":{"line":159,"column":8},"end":{"line":159,"column":39}},"59":{"start":{"line":159,"column":27},"end":{"line":159,"column":39}},"60":{"start":{"line":161,"column":30},"end":{"line":161,"column":56}},"61":{"start":{"line":164,"column":8},"end":{"line":166,"column":9}},"62":{"start":{"line":165,"column":12},"end":{"line":165,"column":33}},"63":{"start":{"line":169,"column":34},"end":{"line":169,"column":71}},"64":{"start":{"line":170,"column":8},"end":{"line":172,"column":9}},"65":{"start":{"line":171,"column":12},"end":{"line":171,"column":37}},"66":{"start":{"line":174,"column":8},"end":{"line":174,"column":20}},"67":{"start":{"line":179,"column":33},"end":{"line":179,"column":89}},"68":{"start":{"line":181,"column":4},"end":{"line":211,"column":5}},"69":{"start":{"line":182,"column":8},"end":{"line":210,"column":9}},"70":{"start":{"line":183,"column":12},"end":{"line":209,"column":13}},"71":{"start":{"line":184,"column":16},"end":{"line":208,"column":17}},"72":{"start":{"line":186,"column":43},"end":{"line":186,"column":72}},"73":{"start":{"line":187,"column":38},"end":{"line":187,"column":92}},"74":{"start":{"line":190,"column":20},"end":{"line":190,"column":58}},"75":{"start":{"line":191,"column":20},"end":{"line":191,"column":50}},"76":{"start":{"line":194,"column":48},"end":{"line":194,"column":71}},"77":{"start":{"line":195,"column":40},"end":{"line":195,"column":97}},"78":{"start":{"line":197,"column":20},"end":{"line":197,"column":60}},"79":{"start":{"line":200,"column":20},"end":{"line":207,"column":21}},"80":{"start":{"line":201,"column":24},"end":{"line":201,"column":59}},"81":{"start":{"line":203,"column":24},"end":{"line":203,"column":85}},"82":{"start":{"line":205,"column":24},"end":{"line":205,"column":57}},"83":{"start":{"line":206,"column":24},"end":{"line":206,"column":41}},"84":{"start":{"line":213,"column":4},"end":{"line":213,"column":28}},"85":{"start":{"line":219,"column":0},"end":{"line":221,"column":1}},"86":{"start":{"line":220,"column":2},"end":{"line":220,"column":41}}},"fnMap":{"0":{"name":"(anonymous_0)","decl":{"start":{"line":10,"column":4},"end":{"line":10,"column":5}},"loc":{"start":{"line":10,"column":57},"end":{"line":49,"column":5}},"line":10},"1":{"name":"(anonymous_1)","decl":{"start":{"line":26,"column":38},"end":{"line":26,"column":39}},"loc":{"start":{"line":26,"column":43},"end":{"line":26,"column":56}},"line":26},"2":{"name":"(anonymous_2)","decl":{"start":{"line":27,"column":38},"end":{"line":27,"column":39}},"loc":{"start":{"line":27,"column":43},"end":{"line":27,"column":56}},"line":27},"3":{"name":"(anonymous_3)","decl":{"start":{"line":28,"column":38},"end":{"line":28,"column":39}},"loc":{"start":{"line":28,"column":43},"end":{"line":28,"column":56}},"line":28},"4":{"name":"(anonymous_4)","decl":{"start":{"line":32,"column":24},"end":{"line":32,"column":25}},"loc":{"start":{"line":32,"column":29},"end":{"line":35,"column":5}},"line":32},"5":{"name":"(anonymous_5)","decl":{"start":{"line":38,"column":24},"end":{"line":38,"column":25}},"loc":{"start":{"line":39,"column":8},"end":{"line":39,"column":71}},"line":39},"6":{"name":"(anonymous_6)","decl":{"start":{"line":39,"column":29},"end":{"line":39,"column":30}},"loc":{"start":{"line":39,"column":39},"end":{"line":39,"column":70}},"line":39},"7":{"name":"(anonymous_7)","decl":{"start":{"line":59,"column":3},"end":{"line":59,"column":4}},"loc":{"start":{"line":59,"column":50},"end":{"line":100,"column":3}},"line":59},"8":{"name":"(anonymous_8)","decl":{"start":{"line":67,"column":43},"end":{"line":67,"column":44}},"loc":{"start":{"line":67,"column":48},"end":{"line":67,"column":57}},"line":67},"9":{"name":"(anonymous_9)","decl":{"start":{"line":70,"column":43},"end":{"line":70,"column":44}},"loc":{"start":{"line":70,"column":48},"end":{"line":70,"column":57}},"line":70},"10":{"name":"(anonymous_10)","decl":{"start":{"line":73,"column":43},"end":{"line":73,"column":44}},"loc":{"start":{"line":73,"column":48},"end":{"line":73,"column":57}},"line":73},"11":{"name":"(anonymous_11)","decl":{"start":{"line":110,"column":2},"end":{"line":110,"column":3}},"loc":{"start":{"line":110,"column":59},"end":{"line":214,"column":3}},"line":110},"12":{"name":"(anonymous_12)","decl":{"start":{"line":135,"column":53},"end":{"line":135,"column":54}},"loc":{"start":{"line":136,"column":8},"end":{"line":136,"column":44}},"line":136},"13":{"name":"(anonymous_13)","decl":{"start":{"line":139,"column":29},"end":{"line":139,"column":30}},"loc":{"start":{"line":139,"column":35},"end":{"line":155,"column":5}},"line":139},"14":{"name":"(anonymous_14)","decl":{"start":{"line":145,"column":42},"end":{"line":145,"column":43}},"loc":{"start":{"line":145,"column":50},"end":{"line":153,"column":13}},"line":145},"15":{"name":"(anonymous_15)","decl":{"start":{"line":158,"column":30},"end":{"line":158,"column":31}},"loc":{"start":{"line":158,"column":63},"end":{"line":175,"column":5}},"line":158}},"branchMap":{"0":{"loc":{"start":{"line":11,"column":4},"end":{"line":13,"column":5}},"type":"if","locations":[{"start":{"line":11,"column":4},"end":{"line":13,"column":5}},{"start":{},"end":{}}],"line":11},"1":{"loc":{"start":{"line":18,"column":8},"end":{"line":18,"column":58}},"type":"if","locations":[{"start":{"line":18,"column":8},"end":{"line":18,"column":58}},{"start":{},"end":{}}],"line":18},"2":{"loc":{"start":{"line":18,"column":12},"end":{"line":18,"column":47}},"type":"binary-expr","locations":[{"start":{"line":18,"column":12},"end":{"line":18,"column":18}},{"start":{"line":18,"column":22},"end":{"line":18,"column":47}}],"line":18},"3":{"loc":{"start":{"line":20,"column":26},"end":{"line":20,"column":47}},"type":"binary-expr","locations":[{"start":{"line":20,"column":26},"end":{"line":20,"column":41}},{"start":{"line":20,"column":45},"end":{"line":20,"column":47}}],"line":20},"4":{"loc":{"start":{"line":22,"column":22},"end":{"line":22,"column":69}},"type":"cond-expr","locations":[{"start":{"line":22,"column":52},"end":{"line":22,"column":64}},{"start":{"line":22,"column":67},"end":{"line":22,"column":69}}],"line":22},"5":{"loc":{"start":{"line":23,"column":22},"end":{"line":23,"column":69}},"type":"cond-expr","locations":[{"start":{"line":23,"column":52},"end":{"line":23,"column":64}},{"start":{"line":23,"column":67},"end":{"line":23,"column":69}}],"line":23},"6":{"loc":{"start":{"line":24,"column":22},"end":{"line":24,"column":69}},"type":"cond-expr","locations":[{"start":{"line":24,"column":52},"end":{"line":24,"column":64}},{"start":{"line":24,"column":67},"end":{"line":24,"column":69}}],"line":24},"7":{"loc":{"start":{"line":34,"column":15},"end":{"line":34,"column":71}},"type":"cond-expr","locations":[{"start":{"line":34,"column":23},"end":{"line":34,"column":45}},{"start":{"line":34,"column":48},"end":{"line":34,"column":71}}],"line":34},"8":{"loc":{"start":{"line":66,"column":12},"end":{"line":68,"column":16}},"type":"cond-expr","locations":[{"start":{"line":67,"column":14},"end":{"line":67,"column":58}},{"start":{"line":68,"column":14},"end":{"line":68,"column":16}}],"line":66},"9":{"loc":{"start":{"line":69,"column":12},"end":{"line":71,"column":16}},"type":"cond-expr","locations":[{"start":{"line":70,"column":14},"end":{"line":70,"column":58}},{"start":{"line":71,"column":14},"end":{"line":71,"column":16}}],"line":69},"10":{"loc":{"start":{"line":72,"column":12},"end":{"line":74,"column":16}},"type":"cond-expr","locations":[{"start":{"line":73,"column":14},"end":{"line":73,"column":58}},{"start":{"line":74,"column":14},"end":{"line":74,"column":16}}],"line":72},"11":{"loc":{"start":{"line":91,"column":6},"end":{"line":91,"column":67}},"type":"if","locations":[{"start":{"line":91,"column":6},"end":{"line":91,"column":67}},{"start":{},"end":{}}],"line":91},"12":{"loc":{"start":{"line":112,"column":4},"end":{"line":115,"column":5}},"type":"if","locations":[{"start":{"line":112,"column":4},"end":{"line":115,"column":5}},{"start":{},"end":{}}],"line":112},"13":{"loc":{"start":{"line":112,"column":8},"end":{"line":112,"column":72}},"type":"binary-expr","locations":[{"start":{"line":112,"column":8},"end":{"line":112,"column":25}},{"start":{"line":112,"column":29},"end":{"line":112,"column":46}},{"start":{"line":112,"column":50},"end":{"line":112,"column":72}}],"line":112},"14":{"loc":{"start":{"line":136,"column":8},"end":{"line":136,"column":44}},"type":"binary-expr","locations":[{"start":{"line":136,"column":8},"end":{"line":136,"column":20}},{"start":{"line":136,"column":24},"end":{"line":136,"column":44}}],"line":136},"15":{"loc":{"start":{"line":141,"column":26},"end":{"line":141,"column":57}},"type":"binary-expr","locations":[{"start":{"line":141,"column":26},"end":{"line":141,"column":40}},{"start":{"line":141,"column":44},"end":{"line":141,"column":57}}],"line":141},"16":{"loc":{"start":{"line":143,"column":8},"end":{"line":154,"column":9}},"type":"if","locations":[{"start":{"line":143,"column":8},"end":{"line":154,"column":9}},{"start":{},"end":{}}],"line":143},"17":{"loc":{"start":{"line":143,"column":12},"end":{"line":143,"column":35}},"type":"binary-expr","locations":[{"start":{"line":143,"column":12},"end":{"line":143,"column":22}},{"start":{"line":143,"column":26},"end":{"line":143,"column":35}}],"line":143},"18":{"loc":{"start":{"line":147,"column":16},"end":{"line":152,"column":17}},"type":"if","locations":[{"start":{"line":147,"column":16},"end":{"line":152,"column":17}},{"start":{},"end":{}}],"line":147},"19":{"loc":{"start":{"line":148,"column":20},"end":{"line":150,"column":21}},"type":"if","locations":[{"start":{"line":148,"column":20},"end":{"line":150,"column":21}},{"start":{},"end":{}}],"line":148},"20":{"loc":{"start":{"line":159,"column":8},"end":{"line":159,"column":39}},"type":"if","locations":[{"start":{"line":159,"column":8},"end":{"line":159,"column":39}},{"start":{},"end":{}}],"line":159},"21":{"loc":{"start":{"line":164,"column":8},"end":{"line":166,"column":9}},"type":"if","locations":[{"start":{"line":164,"column":8},"end":{"line":166,"column":9}},{"start":{},"end":{}}],"line":164},"22":{"loc":{"start":{"line":170,"column":8},"end":{"line":172,"column":9}},"type":"if","locations":[{"start":{"line":170,"column":8},"end":{"line":172,"column":9}},{"start":{},"end":{}}],"line":170},"23":{"loc":{"start":{"line":181,"column":4},"end":{"line":211,"column":5}},"type":"if","locations":[{"start":{"line":181,"column":4},"end":{"line":211,"column":5}},{"start":{},"end":{}}],"line":181},"24":{"loc":{"start":{"line":183,"column":12},"end":{"line":209,"column":13}},"type":"if","locations":[{"start":{"line":183,"column":12},"end":{"line":209,"column":13}},{"start":{},"end":{}}],"line":183},"25":{"loc":{"start":{"line":186,"column":43},"end":{"line":186,"column":72}},"type":"binary-expr","locations":[{"start":{"line":186,"column":43},"end":{"line":186,"column":53}},{"start":{"line":186,"column":57},"end":{"line":186,"column":72}}],"line":186},"26":{"loc":{"start":{"line":187,"column":38},"end":{"line":187,"column":92}},"type":"binary-expr","locations":[{"start":{"line":187,"column":38},"end":{"line":187,"column":71}},{"start":{"line":187,"column":75},"end":{"line":187,"column":92}}],"line":187},"27":{"loc":{"start":{"line":200,"column":20},"end":{"line":207,"column":21}},"type":"if","locations":[{"start":{"line":200,"column":20},"end":{"line":207,"column":21}},{"start":{"line":204,"column":27},"end":{"line":207,"column":21}}],"line":200},"28":{"loc":{"start":{"line":219,"column":0},"end":{"line":221,"column":1}},"type":"if","locations":[{"start":{"line":219,"column":0},"end":{"line":221,"column":1}},{"start":{},"end":{}}],"line":219},"29":{"loc":{"start":{"line":219,"column":4},"end":{"line":219,"column":51}},"type":"binary-expr","locations":[{"start":{"line":219,"column":4},"end":{"line":219,"column":33}},{"start":{"line":219,"column":37},"end":{"line":219,"column":51}}],"line":219}},"s":{"0":1,"1":2,"2":1,"3":1,"4":1,"5":3,"6":0,"7":3,"8":3,"9":3,"10":3,"11":3,"12":3,"13":3,"14":2,"15":3,"16":1,"17":1,"18":4,"19":4,"20":1,"21":3,"22":2,"23":1,"24":1,"25":2,"26":2,"27":1,"28":1,"29":0,"30":2,"31":2,"32":2,"33":1,"34":0,"35":1,"36":1,"37":1,"38":1,"39":2,"40":1,"41":1,"42":1,"43":1,"44":1,"45":1,"46":1,"47":1,"48":1,"49":1,"50":1,"51":1,"52":2,"53":2,"54":2,"55":2,"56":2,"57":1,"58":2,"59":0,"60":2,"61":2,"62":0,"63":2,"64":2,"65":1,"66":1,"67":1,"68":1,"69":1,"70":1,"71":1,"72":2,"73":2,"74":2,"75":2,"76":2,"77":2,"78":2,"79":2,"80":1,"81":1,"82":1,"83":1,"84":1,"85":1,"86":1},"f":{"0":2,"1":3,"2":2,"3":1,"4":4,"5":3,"6":2,"7":2,"8":1,"9":1,"10":0,"11":2,"12":1,"13":1,"14":2,"15":2},"b":{"0":[1,1],"1":[0,3],"2":[3,3],"3":[3,0],"4":[3,0],"5":[3,0],"6":[3,0],"7":[4,0],"8":[2,0],"9":[2,0],"10":[2,0],"11":[0,1],"12":[1,1],"13":[2,2,2],"14":[1,0],"15":[1,0],"16":[1,0],"17":[1,1],"18":[2,0],"19":[2,0],"20":[0,2],"21":[0,2],"22":[1,1],"23":[1,0],"24":[1,0],"25":[2,0],"26":[2,0],"27":[1,1],"28":[1,0],"29":[1,1]},"_coverageSchema":"1a1c01bbd47fc00a2c39e90264f33305004495a9","hash":"b6e277f56642f2058bfe941fb99b10d51858147f"}
}
