TN:
SF:src\core\core.js
FN:10,(anonymous_0)
FN:26,(anonymous_1)
FN:27,(anonymous_2)
FN:28,(anonymous_3)
FN:32,(anonymous_4)
FN:38,(anonymous_5)
FN:39,(anonymous_6)
FN:59,(anonymous_7)
FN:67,(anonymous_8)
FN:70,(anonymous_9)
FN:73,(anonymous_10)
FN:110,(anonymous_11)
FN:135,(anonymous_12)
FN:139,(anonymous_13)
FN:145,(anonymous_14)
FN:158,(anonymous_15)
FNF:16
FNH:15
FNDA:2,(anonymous_0)
FNDA:3,(anonymous_1)
FNDA:2,(anonymous_2)
FNDA:1,(anonymous_3)
FNDA:4,(anonymous_4)
FNDA:3,(anonymous_5)
FNDA:2,(anonymous_6)
FNDA:2,(anonymous_7)
FNDA:1,(anonymous_8)
FNDA:1,(anonymous_9)
FNDA:0,(anonymous_10)
FNDA:2,(anonymous_11)
FNDA:1,(anonymous_12)
FNDA:1,(anonymous_13)
FNDA:2,(anonymous_14)
FNDA:2,(anonymous_15)
DA:2,1
DA:11,2
DA:12,1
DA:15,1
DA:17,1
DA:18,3
DA:20,3
DA:22,3
DA:23,3
DA:24,3
DA:26,3
DA:27,3
DA:28,3
DA:32,1
DA:33,4
DA:34,4
DA:38,1
DA:39,3
DA:41,1
DA:48,1
DA:60,2
DA:65,2
DA:67,1
DA:70,1
DA:73,0
DA:78,2
DA:84,2
DA:85,2
DA:91,1
DA:93,1
DA:94,1
DA:97,1
DA:98,1
DA:112,2
DA:113,1
DA:114,1
DA:119,1
DA:128,1
DA:132,1
DA:135,1
DA:136,1
DA:139,1
DA:140,1
DA:141,1
DA:143,1
DA:145,1
DA:146,2
DA:147,2
DA:148,2
DA:149,2
DA:151,2
DA:158,1
DA:159,2
DA:161,2
DA:164,2
DA:165,0
DA:169,2
DA:170,2
DA:171,1
DA:174,1
DA:179,1
DA:181,1
DA:182,1
DA:183,1
DA:184,1
DA:186,2
DA:187,2
DA:190,2
DA:191,2
DA:194,2
DA:195,2
DA:197,2
DA:200,2
DA:201,1
DA:203,1
DA:205,1
DA:206,1
DA:213,1
DA:219,1
DA:220,1
LF:80
LH:78
BRDA:11,0,0,1
BRDA:11,0,1,1
BRDA:18,1,0,0
BRDA:18,1,1,3
BRDA:18,2,0,3
BRDA:18,2,1,3
BRDA:20,3,0,3
BRDA:20,3,1,0
BRDA:22,4,0,3
BRDA:22,4,1,0
BRDA:23,5,0,3
BRDA:23,5,1,0
BRDA:24,6,0,3
BRDA:24,6,1,0
BRDA:34,7,0,4
BRDA:34,7,1,0
BRDA:66,8,0,2
BRDA:66,8,1,0
BRDA:69,9,0,2
BRDA:69,9,1,0
BRDA:72,10,0,2
BRDA:72,10,1,0
BRDA:91,11,0,0
BRDA:91,11,1,1
BRDA:112,12,0,1
BRDA:112,12,1,1
BRDA:112,13,0,2
BRDA:112,13,1,2
BRDA:112,13,2,2
BRDA:136,14,0,1
BRDA:136,14,1,0
BRDA:141,15,0,1
BRDA:141,15,1,0
BRDA:143,16,0,1
BRDA:143,16,1,0
BRDA:143,17,0,1
BRDA:143,17,1,1
BRDA:147,18,0,2
BRDA:147,18,1,0
BRDA:148,19,0,2
BRDA:148,19,1,0
BRDA:159,20,0,0
BRDA:159,20,1,2
BRDA:164,21,0,0
BRDA:164,21,1,2
BRDA:170,22,0,1
BRDA:170,22,1,1
BRDA:181,23,0,1
BRDA:181,23,1,0
BRDA:183,24,0,1
BRDA:183,24,1,0
BRDA:186,25,0,2
BRDA:186,25,1,0
BRDA:187,26,0,2
BRDA:187,26,1,0
BRDA:200,27,0,1
BRDA:200,27,1,1
BRDA:219,28,0,1
BRDA:219,28,1,0
BRDA:219,29,0,1
BRDA:219,29,1,1
BRF:61
BRH:39
end_of_record
